{"C:\\Users\\PC\\Documents\\bar-management-system\\frontend\\src\\App.tsx": {"path":"C:\\Users\\PC\\Documents\\bar-management-system\\frontend\\src\\App.tsx","statementMap":{"0":{"start":{"line":11,"column":23},"end":{"line":11,"column":null}},"1":{"start":{"line":14,"column":2},"end":{"line":27,"column":null}},"2":{"start":{"line":15,"column":20},"end":{"line":15,"column":null}},"3":{"start":{"line":16,"column":4},"end":{"line":25,"column":null}},"4":{"start":{"line":17,"column":6},"end":{"line":17,"column":null}},"5":{"start":{"line":19,"column":6},"end":{"line":22,"column":null}},"6":{"start":{"line":20,"column":22},"end":{"line":20,"column":null}},"7":{"start":{"line":21,"column":8},"end":{"line":21,"column":null}},"8":{"start":{"line":24,"column":6},"end":{"line":24,"column":null}},"9":{"start":{"line":24,"column":23},"end":{"line":24,"column":46}},"10":{"start":{"line":26,"column":4},"end":{"line":26,"column":null}},"11":{"start":{"line":26,"column":17},"end":{"line":26,"column":null}},"12":{"start":{"line":29,"column":2},"end":{"line":50,"column":null}},"13":{"start":{"line":34,"column":229},"end":{"line":34,"column":252}}},"fnMap":{"0":{"name":"App","decl":{"start":{"line":10,"column":9},"end":{"line":10,"column":15}},"loc":{"start":{"line":10,"column":15},"end":{"line":52,"column":null}},"line":10},"1":{"name":"(anonymous_1)","decl":{"start":{"line":14,"column":2},"end":{"line":14,"column":18}},"loc":{"start":{"line":14,"column":18},"end":{"line":27,"column":5}},"line":14},"2":{"name":"(anonymous_2)","decl":{"start":{"line":16,"column":12},"end":{"line":16,"column":25}},"loc":{"start":{"line":16,"column":35},"end":{"line":25,"column":null}},"line":16},"3":{"name":"(anonymous_3)","decl":{"start":{"line":21,"column":21},"end":{"line":21,"column":33}},"loc":{"start":{"line":21,"column":33},"end":{"line":21,"column":35}},"line":21},"4":{"name":"(anonymous_4)","decl":{"start":{"line":24,"column":6},"end":{"line":24,"column":23}},"loc":{"start":{"line":24,"column":23},"end":{"line":24,"column":46}},"line":24},"5":{"name":"(anonymous_5)","decl":{"start":{"line":26,"column":4},"end":{"line":26,"column":17}},"loc":{"start":{"line":26,"column":17},"end":{"line":26,"column":null}},"line":26},"6":{"name":"(anonymous_6)","decl":{"start":{"line":34,"column":214},"end":{"line":34,"column":229}},"loc":{"start":{"line":34,"column":229},"end":{"line":34,"column":252}},"line":34}},"branchMap":{"0":{"loc":{"start":{"line":33,"column":7},"end":{"line":39,"column":7}},"type":"binary-expr","locations":[{"start":{"line":33,"column":7},"end":{"line":33,"column":null}},{"start":{"line":34,"column":8},"end":{"line":39,"column":7}}],"line":33}},"s":{"0":1,"1":1,"2":1,"3":1,"4":0,"5":0,"6":0,"7":0,"8":0,"9":0,"10":1,"11":1,"12":1,"13":0},"f":{"0":1,"1":1,"2":0,"3":0,"4":0,"5":1,"6":0},"b":{"0":[1,0]},"meta":{"lastBranch":1,"lastFunction":7,"lastStatement":14,"seen":{"f:10:9:10:15":0,"s:11:23:11:Infinity":0,"s:14:2:27:Infinity":1,"f:14:2:14:18":1,"s:15:20:15:Infinity":2,"s:16:4:25:Infinity":3,"f:16:12:16:25":2,"s:17:6:17:Infinity":4,"s:19:6:22:Infinity":5,"s:20:22:20:Infinity":6,"s:21:8:21:Infinity":7,"f:21:21:21:33":3,"s:24:6:24:Infinity":8,"f:24:6:24:23":4,"s:24:23:24:46":9,"s:26:4:26:Infinity":10,"f:26:4:26:17":5,"s:26:17:26:Infinity":11,"s:29:2:50:Infinity":12,"b:33:7:33:Infinity:34:8:39:7":0,"f:34:214:34:229":6,"s:34:229:34:252":13},"fnNames":{}}}
,"C:\\Users\\PC\\Documents\\bar-management-system\\frontend\\src\\pages\\Admin\\AdminDashboard.tsx": {"path":"C:\\Users\\PC\\Documents\\bar-management-system\\frontend\\src\\pages\\Admin\\AdminDashboard.tsx","statementMap":{"0":{"start":{"line":7,"column":20},"end":{"line":14,"column":null}},"1":{"start":{"line":16,"column":22},"end":{"line":21,"column":null}},"2":{"start":{"line":23,"column":20},"end":{"line":23,"column":null}},"3":{"start":{"line":25,"column":2},"end":{"line":176,"column":null}},"4":{"start":{"line":35,"column":27},"end":{"line":35,"column":null}},"5":{"start":{"line":42,"column":27},"end":{"line":42,"column":null}},"6":{"start":{"line":155,"column":20},"end":{"line":167,"column":null}}},"fnMap":{"0":{"name":"AdminDashboard","decl":{"start":{"line":5,"column":24},"end":{"line":5,"column":41}},"loc":{"start":{"line":5,"column":41},"end":{"line":178,"column":null}},"line":5},"1":{"name":"(anonymous_1)","decl":{"start":{"line":35,"column":12},"end":{"line":35,"column":27}},"loc":{"start":{"line":35,"column":27},"end":{"line":35,"column":null}},"line":35},"2":{"name":"(anonymous_2)","decl":{"start":{"line":42,"column":12},"end":{"line":42,"column":27}},"loc":{"start":{"line":42,"column":27},"end":{"line":42,"column":null}},"line":42},"3":{"name":"(anonymous_3)","decl":{"start":{"line":154,"column":20},"end":{"line":154,"column":25}},"loc":{"start":{"line":155,"column":20},"end":{"line":167,"column":null}},"line":155}},"branchMap":{"0":{"loc":{"start":{"line":36,"column":93},"end":{"line":36,"column":null}},"type":"cond-expr","locations":[{"start":{"line":36,"column":121},"end":{"line":36,"column":177}},{"start":{"line":36,"column":177},"end":{"line":36,"column":null}}],"line":36},"1":{"loc":{"start":{"line":43,"column":93},"end":{"line":43,"column":null}},"type":"cond-expr","locations":[{"start":{"line":43,"column":116},"end":{"line":43,"column":172}},{"start":{"line":43,"column":172},"end":{"line":43,"column":null}}],"line":43},"2":{"loc":{"start":{"line":54,"column":9},"end":{"line":126,"column":23}},"type":"binary-expr","locations":[{"start":{"line":54,"column":9},"end":{"line":54,"column":null}},{"start":{"line":55,"column":10},"end":{"line":126,"column":23}}],"line":54},"3":{"loc":{"start":{"line":126,"column":9},"end":{"line":175,"column":null}},"type":"binary-expr","locations":[{"start":{"line":126,"column":9},"end":{"line":126,"column":null}},{"start":{"line":127,"column":10},"end":{"line":175,"column":null}}],"line":126},"4":{"loc":{"start":{"line":160,"column":85},"end":{"line":160,"column":null}},"type":"cond-expr","locations":[{"start":{"line":160,"column":96},"end":{"line":160,"column":128}},{"start":{"line":160,"column":128},"end":{"line":160,"column":null}}],"line":160},"5":{"loc":{"start":{"line":161,"column":27},"end":{"line":161,"column":null}},"type":"cond-expr","locations":[{"start":{"line":161,"column":38},"end":{"line":161,"column":48}},{"start":{"line":161,"column":48},"end":{"line":161,"column":null}}],"line":161}},"s":{"0":2,"1":2,"2":2,"3":2,"4":0,"5":1,"6":3},"f":{"0":2,"1":0,"2":1,"3":3},"b":{"0":[1,1],"1":[1,1],"2":[2,1],"3":[2,1],"4":[2,1],"5":[2,1]},"meta":{"lastBranch":6,"lastFunction":4,"lastStatement":7,"seen":{"f:5:24:5:41":0,"s:7:20:14:Infinity":0,"s:16:22:21:Infinity":1,"s:23:20:23:Infinity":2,"s:25:2:176:Infinity":3,"f:35:12:35:27":1,"s:35:27:35:Infinity":4,"b:36:121:36:177:36:177:36:Infinity":0,"f:42:12:42:27":2,"s:42:27:42:Infinity":5,"b:43:116:43:172:43:172:43:Infinity":1,"b:54:9:54:Infinity:55:10:126:23":2,"b:126:9:126:Infinity:127:10:175:Infinity":3,"f:154:20:154:25":3,"s:155:20:167:Infinity":6,"b:160:96:160:128:160:128:160:Infinity":4,"b:161:38:161:48:161:48:161:Infinity":5},"fnNames":{}}}
,"C:\\Users\\PC\\Documents\\bar-management-system\\frontend\\src\\pages\\KDS\\KdsDashboard.tsx": {"path":"C:\\Users\\PC\\Documents\\bar-management-system\\frontend\\src\\pages\\KDS\\KdsDashboard.tsx","statementMap":{"0":{"start":{"line":16,"column":17},"end":{"line":16,"column":null}},"1":{"start":{"line":17,"column":22},"end":{"line":17,"column":null}},"2":{"start":{"line":20,"column":2},"end":{"line":23,"column":null}},"3":{"start":{"line":21,"column":21},"end":{"line":21,"column":null}},"4":{"start":{"line":21,"column":39},"end":{"line":21,"column":67}},"5":{"start":{"line":22,"column":4},"end":{"line":22,"column":null}},"6":{"start":{"line":22,"column":17},"end":{"line":22,"column":null}},"7":{"start":{"line":26,"column":2},"end":{"line":33,"column":null}},"8":{"start":{"line":27,"column":20},"end":{"line":27,"column":null}},"9":{"start":{"line":28,"column":4},"end":{"line":31,"column":null}},"10":{"start":{"line":30,"column":6},"end":{"line":30,"column":null}},"11":{"start":{"line":30,"column":28},"end":{"line":30,"column":54}},"12":{"start":{"line":32,"column":4},"end":{"line":32,"column":null}},"13":{"start":{"line":32,"column":17},"end":{"line":32,"column":null}},"14":{"start":{"line":35,"column":16},"end":{"line":40,"column":null}},"15":{"start":{"line":42,"column":8},"end":{"line":52,"column":null}},"16":{"start":{"line":43,"column":17},"end":{"line":43,"column":null}},"17":{"start":{"line":43,"column":33},"end":{"line":43,"column":44}},"18":{"start":{"line":44,"column":4},"end":{"line":44,"column":null}},"19":{"start":{"line":44,"column":28},"end":{"line":44,"column":73}},"20":{"start":{"line":47,"column":4},"end":{"line":51,"column":null}},"21":{"start":{"line":48,"column":22},"end":{"line":48,"column":null}},"22":{"start":{"line":49,"column":6},"end":{"line":49,"column":null}},"23":{"start":{"line":50,"column":6},"end":{"line":50,"column":null}},"24":{"start":{"line":54,"column":24},"end":{"line":54,"column":null}},"25":{"start":{"line":54,"column":45},"end":{"line":54,"column":87}},"26":{"start":{"line":56,"column":8},"end":{"line":134,"column":null}},"27":{"start":{"line":57,"column":24},"end":{"line":57,"column":null}},"28":{"start":{"line":57,"column":53},"end":{"line":57,"column":75}},"29":{"start":{"line":59,"column":4},"end":{"line":132,"column":null}},"30":{"start":{"line":70,"column":35},"end":{"line":70,"column":null}},"31":{"start":{"line":71,"column":27},"end":{"line":71,"column":null}},"32":{"start":{"line":73,"column":12},"end":{"line":128,"column":null}},"33":{"start":{"line":105,"column":37},"end":{"line":105,"column":null}},"34":{"start":{"line":113,"column":37},"end":{"line":113,"column":null}},"35":{"start":{"line":121,"column":37},"end":{"line":121,"column":null}},"36":{"start":{"line":121,"column":64},"end":{"line":121,"column":80}},"37":{"start":{"line":136,"column":2},"end":{"line":164,"column":null}},"38":{"start":{"line":145,"column":12},"end":{"line":153,"column":null}},"39":{"start":{"line":147,"column":29},"end":{"line":147,"column":null}}},"fnMap":{"0":{"name":"KdsDashboard","decl":{"start":{"line":15,"column":24},"end":{"line":15,"column":39}},"loc":{"start":{"line":15,"column":39},"end":{"line":166,"column":null}},"line":15},"1":{"name":"(anonymous_1)","decl":{"start":{"line":20,"column":2},"end":{"line":20,"column":18}},"loc":{"start":{"line":20,"column":18},"end":{"line":23,"column":5}},"line":20},"2":{"name":"(anonymous_2)","decl":{"start":{"line":21,"column":21},"end":{"line":21,"column":39}},"loc":{"start":{"line":21,"column":39},"end":{"line":21,"column":67}},"line":21},"3":{"name":"(anonymous_3)","decl":{"start":{"line":22,"column":4},"end":{"line":22,"column":17}},"loc":{"start":{"line":22,"column":17},"end":{"line":22,"column":null}},"line":22},"4":{"name":"(anonymous_4)","decl":{"start":{"line":26,"column":2},"end":{"line":26,"column":18}},"loc":{"start":{"line":26,"column":18},"end":{"line":33,"column":5}},"line":26},"5":{"name":"(anonymous_5)","decl":{"start":{"line":28,"column":12},"end":{"line":28,"column":25}},"loc":{"start":{"line":28,"column":35},"end":{"line":31,"column":null}},"line":28},"6":{"name":"(anonymous_6)","decl":{"start":{"line":30,"column":6},"end":{"line":30,"column":15}},"loc":{"start":{"line":30,"column":28},"end":{"line":30,"column":54}},"line":30},"7":{"name":"(anonymous_7)","decl":{"start":{"line":32,"column":4},"end":{"line":32,"column":17}},"loc":{"start":{"line":32,"column":17},"end":{"line":32,"column":null}},"line":32},"8":{"name":"(anonymous_8)","decl":{"start":{"line":42,"column":8},"end":{"line":42,"column":20}},"loc":{"start":{"line":42,"column":83},"end":{"line":52,"column":null}},"line":42},"9":{"name":"(anonymous_9)","decl":{"start":{"line":43,"column":23},"end":{"line":43,"column":28}},"loc":{"start":{"line":43,"column":33},"end":{"line":43,"column":44}},"line":43},"10":{"name":"(anonymous_10)","decl":{"start":{"line":44,"column":19},"end":{"line":44,"column":23}},"loc":{"start":{"line":44,"column":28},"end":{"line":44,"column":73}},"line":44},"11":{"name":"(anonymous_11)","decl":{"start":{"line":54,"column":30},"end":{"line":54,"column":37}},"loc":{"start":{"line":54,"column":45},"end":{"line":54,"column":87}},"line":54},"12":{"name":"(anonymous_12)","decl":{"start":{"line":56,"column":8},"end":{"line":56,"column":24}},"loc":{"start":{"line":56,"column":107},"end":{"line":134,"column":null}},"line":56},"13":{"name":"(anonymous_13)","decl":{"start":{"line":57,"column":38},"end":{"line":57,"column":45}},"loc":{"start":{"line":57,"column":53},"end":{"line":57,"column":75}},"line":57},"14":{"name":"(anonymous_14)","decl":{"start":{"line":69,"column":23},"end":{"line":69,"column":27}},"loc":{"start":{"line":69,"column":35},"end":{"line":130,"column":11}},"line":69},"15":{"name":"(anonymous_15)","decl":{"start":{"line":105,"column":22},"end":{"line":105,"column":37}},"loc":{"start":{"line":105,"column":37},"end":{"line":105,"column":null}},"line":105},"16":{"name":"(anonymous_16)","decl":{"start":{"line":113,"column":22},"end":{"line":113,"column":37}},"loc":{"start":{"line":113,"column":37},"end":{"line":113,"column":null}},"line":113},"17":{"name":"(anonymous_17)","decl":{"start":{"line":121,"column":22},"end":{"line":121,"column":37}},"loc":{"start":{"line":121,"column":37},"end":{"line":121,"column":null}},"line":121},"18":{"name":"(anonymous_18)","decl":{"start":{"line":121,"column":52},"end":{"line":121,"column":59}},"loc":{"start":{"line":121,"column":64},"end":{"line":121,"column":80}},"line":121},"19":{"name":"(anonymous_19)","decl":{"start":{"line":144,"column":50},"end":{"line":144,"column":54}},"loc":{"start":{"line":145,"column":12},"end":{"line":153,"column":null}},"line":145},"20":{"name":"(anonymous_20)","decl":{"start":{"line":147,"column":14},"end":{"line":147,"column":29}},"loc":{"start":{"line":147,"column":29},"end":{"line":147,"column":null}},"line":147}},"branchMap":{"0":{"loc":{"start":{"line":44,"column":28},"end":{"line":44,"column":73}},"type":"cond-expr","locations":[{"start":{"line":44,"column":42},"end":{"line":44,"column":72}},{"start":{"line":44,"column":72},"end":{"line":44,"column":73}}],"line":44},"1":{"loc":{"start":{"line":47,"column":4},"end":{"line":51,"column":null}},"type":"if","locations":[{"start":{"line":47,"column":4},"end":{"line":51,"column":null}},{"start":{},"end":{}}],"line":47},"2":{"loc":{"start":{"line":47,"column":8},"end":{"line":47,"column":40}},"type":"binary-expr","locations":[{"start":{"line":47,"column":8},"end":{"line":47,"column":34}},{"start":{"line":47,"column":34},"end":{"line":47,"column":40}}],"line":47},"3":{"loc":{"start":{"line":54,"column":45},"end":{"line":54,"column":87}},"type":"binary-expr","locations":[{"start":{"line":54,"column":45},"end":{"line":54,"column":67}},{"start":{"line":54,"column":67},"end":{"line":54,"column":87}}],"line":54},"4":{"loc":{"start":{"line":71,"column":27},"end":{"line":71,"column":null}},"type":"binary-expr","locations":[{"start":{"line":71,"column":27},"end":{"line":71,"column":51}},{"start":{"line":71,"column":51},"end":{"line":71,"column":null}}],"line":71},"5":{"loc":{"start":{"line":77,"column":20},"end":{"line":77,"column":null}},"type":"cond-expr","locations":[{"start":{"line":77,"column":29},"end":{"line":77,"column":63}},{"start":{"line":77,"column":63},"end":{"line":77,"column":null}}],"line":77},"6":{"loc":{"start":{"line":85,"column":21},"end":{"line":86,"column":null}},"type":"cond-expr","locations":[{"start":{"line":85,"column":47},"end":{"line":85,"column":99}},{"start":{"line":85,"column":98},"end":{"line":86,"column":null}}],"line":85},"7":{"loc":{"start":{"line":87,"column":83},"end":{"line":87,"column":null}},"type":"cond-expr","locations":[{"start":{"line":87,"column":92},"end":{"line":87,"column":109}},{"start":{"line":87,"column":109},"end":{"line":87,"column":null}}],"line":87},"8":{"loc":{"start":{"line":95,"column":17},"end":{"line":98,"column":null}},"type":"binary-expr","locations":[{"start":{"line":95,"column":17},"end":{"line":95,"column":null}},{"start":{"line":96,"column":18},"end":{"line":98,"column":null}}],"line":95},"9":{"loc":{"start":{"line":103,"column":19},"end":{"line":109,"column":null}},"type":"binary-expr","locations":[{"start":{"line":103,"column":19},"end":{"line":103,"column":null}},{"start":{"line":104,"column":20},"end":{"line":109,"column":null}}],"line":103},"10":{"loc":{"start":{"line":111,"column":19},"end":{"line":117,"column":null}},"type":"binary-expr","locations":[{"start":{"line":111,"column":19},"end":{"line":111,"column":null}},{"start":{"line":112,"column":20},"end":{"line":117,"column":null}}],"line":111},"11":{"loc":{"start":{"line":119,"column":19},"end":{"line":125,"column":null}},"type":"binary-expr","locations":[{"start":{"line":119,"column":19},"end":{"line":119,"column":null}},{"start":{"line":120,"column":20},"end":{"line":125,"column":null}}],"line":119},"12":{"loc":{"start":{"line":149,"column":16},"end":{"line":149,"column":null}},"type":"cond-expr","locations":[{"start":{"line":149,"column":34},"end":{"line":149,"column":71}},{"start":{"line":149,"column":71},"end":{"line":149,"column":null}}],"line":149}},"s":{"0":2,"1":2,"2":2,"3":1,"4":0,"5":1,"6":1,"7":2,"8":1,"9":1,"10":0,"11":0,"12":1,"13":1,"14":2,"15":2,"16":0,"17":0,"18":0,"19":0,"20":0,"21":0,"22":0,"23":0,"24":2,"25":8,"26":2,"27":6,"28":18,"29":6,"30":6,"31":6,"32":6,"33":0,"34":0,"35":0,"36":0,"37":2,"38":6,"39":1},"f":{"0":2,"1":1,"2":0,"3":1,"4":1,"5":0,"6":0,"7":1,"8":0,"9":0,"10":0,"11":8,"12":6,"13":18,"14":6,"15":0,"16":0,"17":0,"18":0,"19":6,"20":1},"b":{"0":[0,0],"1":[0,0],"2":[0,0],"3":[8,4],"4":[6,1],"5":[1,5],"6":[2,4],"7":[1,5],"8":[6,3],"9":[6,3],"10":[6,1],"11":[6,2],"12":[2,4]},"meta":{"lastBranch":13,"lastFunction":21,"lastStatement":40,"seen":{"f:15:24:15:39":0,"s:16:17:16:Infinity":0,"s:17:22:17:Infinity":1,"s:20:2:23:Infinity":2,"f:20:2:20:18":1,"s:21:21:21:Infinity":3,"f:21:21:21:39":2,"s:21:39:21:67":4,"s:22:4:22:Infinity":5,"f:22:4:22:17":3,"s:22:17:22:Infinity":6,"s:26:2:33:Infinity":7,"f:26:2:26:18":4,"s:27:20:27:Infinity":8,"s:28:4:31:Infinity":9,"f:28:12:28:25":5,"s:30:6:30:Infinity":10,"f:30:6:30:15":6,"s:30:28:30:54":11,"s:32:4:32:Infinity":12,"f:32:4:32:17":7,"s:32:17:32:Infinity":13,"s:35:16:40:Infinity":14,"s:42:8:52:Infinity":15,"f:42:8:42:20":8,"s:43:17:43:Infinity":16,"f:43:23:43:28":9,"s:43:33:43:44":17,"s:44:4:44:Infinity":18,"f:44:19:44:23":10,"s:44:28:44:73":19,"b:44:42:44:72:44:72:44:73":0,"b:47:4:51:Infinity:undefined:undefined:undefined:undefined":1,"s:47:4:51:Infinity":20,"b:47:8:47:34:47:34:47:40":2,"s:48:22:48:Infinity":21,"s:49:6:49:Infinity":22,"s:50:6:50:Infinity":23,"s:54:24:54:Infinity":24,"f:54:30:54:37":11,"s:54:45:54:87":25,"b:54:45:54:67:54:67:54:87":3,"s:56:8:134:Infinity":26,"f:56:8:56:24":12,"s:57:24:57:Infinity":27,"f:57:38:57:45":13,"s:57:53:57:75":28,"s:59:4:132:Infinity":29,"f:69:23:69:27":14,"s:70:35:70:Infinity":30,"s:71:27:71:Infinity":31,"b:71:27:71:51:71:51:71:Infinity":4,"s:73:12:128:Infinity":32,"b:77:29:77:63:77:63:77:Infinity":5,"b:85:47:85:99:85:98:86:Infinity":6,"b:87:92:87:109:87:109:87:Infinity":7,"b:95:17:95:Infinity:96:18:98:Infinity":8,"b:103:19:103:Infinity:104:20:109:Infinity":9,"f:105:22:105:37":15,"s:105:37:105:Infinity":33,"b:111:19:111:Infinity:112:20:117:Infinity":10,"f:113:22:113:37":16,"s:113:37:113:Infinity":34,"b:119:19:119:Infinity:120:20:125:Infinity":11,"f:121:22:121:37":17,"s:121:37:121:Infinity":35,"f:121:52:121:59":18,"s:121:64:121:80":36,"s:136:2:164:Infinity":37,"f:144:50:144:54":19,"s:145:12:153:Infinity":38,"f:147:14:147:29":20,"s:147:29:147:Infinity":39,"b:149:34:149:71:149:71:149:Infinity":12},"fnNames":{}}}
,"C:\\Users\\PC\\Documents\\bar-management-system\\frontend\\src\\pages\\POS\\PosDashboard.tsx": {"path":"C:\\Users\\PC\\Documents\\bar-management-system\\frontend\\src\\pages\\POS\\PosDashboard.tsx","statementMap":{"0":{"start":{"line":13,"column":17},"end":{"line":16,"column":null}},"1":{"start":{"line":18,"column":24},"end":{"line":18,"column":null}},"2":{"start":{"line":19,"column":20},"end":{"line":19,"column":null}},"3":{"start":{"line":20,"column":22},"end":{"line":20,"column":null}},"4":{"start":{"line":22,"column":9},"end":{"line":28,"column":null}},"5":{"start":{"line":30,"column":19},"end":{"line":30,"column":null}},"6":{"start":{"line":30,"column":47},"end":{"line":30,"column":83}},"7":{"start":{"line":31,"column":16},"end":{"line":31,"column":null}},"8":{"start":{"line":33,"column":19},"end":{"line":33,"column":null}},"9":{"start":{"line":34,"column":20},"end":{"line":34,"column":null}},"10":{"start":{"line":34,"column":48},"end":{"line":34,"column":64}},"11":{"start":{"line":35,"column":20},"end":{"line":35,"column":null}},"12":{"start":{"line":37,"column":8},"end":{"line":41,"column":null}},"13":{"start":{"line":38,"column":4},"end":{"line":40,"column":null}},"14":{"start":{"line":39,"column":6},"end":{"line":39,"column":null}},"15":{"start":{"line":43,"column":8},"end":{"line":45,"column":null}},"16":{"start":{"line":44,"column":4},"end":{"line":44,"column":null}},"17":{"start":{"line":47,"column":2},"end":{"line":197,"column":null}},"18":{"start":{"line":58,"column":12},"end":{"line":70,"column":null}},"19":{"start":{"line":60,"column":29},"end":{"line":60,"column":null}},"20":{"start":{"line":95,"column":16},"end":{"line":101,"column":null}},"21":{"start":{"line":125,"column":39},"end":{"line":125,"column":61}},"22":{"start":{"line":126,"column":39},"end":{"line":126,"column":62}},"23":{"start":{"line":127,"column":39},"end":{"line":127,"column":62}},"24":{"start":{"line":133,"column":43},"end":{"line":133,"column":89}},"25":{"start":{"line":135,"column":43},"end":{"line":135,"column":76}},"26":{"start":{"line":149,"column":39},"end":{"line":149,"column":64}},"27":{"start":{"line":153,"column":39},"end":{"line":153,"column":67}},"28":{"start":{"line":157,"column":39},"end":{"line":157,"column":69}},"29":{"start":{"line":171,"column":20},"end":{"line":174,"column":null}}},"fnMap":{"0":{"name":"PosDashboard","decl":{"start":{"line":11,"column":24},"end":{"line":11,"column":39}},"loc":{"start":{"line":11,"column":39},"end":{"line":199,"column":null}},"line":11},"1":{"name":"(anonymous_1)","decl":{"start":{"line":30,"column":25},"end":{"line":30,"column":33}},"loc":{"start":{"line":30,"column":47},"end":{"line":30,"column":83}},"line":30},"2":{"name":"(anonymous_2)","decl":{"start":{"line":34,"column":29},"end":{"line":34,"column":37}},"loc":{"start":{"line":34,"column":48},"end":{"line":34,"column":64}},"line":34},"3":{"name":"(anonymous_3)","decl":{"start":{"line":37,"column":8},"end":{"line":37,"column":28}},"loc":{"start":{"line":37,"column":47},"end":{"line":41,"column":null}},"line":37},"4":{"name":"(anonymous_4)","decl":{"start":{"line":43,"column":8},"end":{"line":43,"column":36}},"loc":{"start":{"line":43,"column":36},"end":{"line":45,"column":null}},"line":43},"5":{"name":"(anonymous_5)","decl":{"start":{"line":57,"column":18},"end":{"line":57,"column":22}},"loc":{"start":{"line":58,"column":12},"end":{"line":70,"column":null}},"line":58},"6":{"name":"(anonymous_6)","decl":{"start":{"line":60,"column":14},"end":{"line":60,"column":29}},"loc":{"start":{"line":60,"column":29},"end":{"line":60,"column":null}},"line":60},"7":{"name":"(anonymous_7)","decl":{"start":{"line":94,"column":21},"end":{"line":94,"column":25}},"loc":{"start":{"line":95,"column":16},"end":{"line":101,"column":null}},"line":95},"8":{"name":"(anonymous_8)","decl":{"start":{"line":125,"column":24},"end":{"line":125,"column":39}},"loc":{"start":{"line":125,"column":39},"end":{"line":125,"column":61}},"line":125},"9":{"name":"(anonymous_9)","decl":{"start":{"line":126,"column":24},"end":{"line":126,"column":39}},"loc":{"start":{"line":126,"column":39},"end":{"line":126,"column":62}},"line":126},"10":{"name":"(anonymous_10)","decl":{"start":{"line":127,"column":24},"end":{"line":127,"column":39}},"loc":{"start":{"line":127,"column":39},"end":{"line":127,"column":62}},"line":127},"11":{"name":"(anonymous_11)","decl":{"start":{"line":133,"column":28},"end":{"line":133,"column":43}},"loc":{"start":{"line":133,"column":43},"end":{"line":133,"column":89}},"line":133},"12":{"name":"(anonymous_12)","decl":{"start":{"line":135,"column":28},"end":{"line":135,"column":43}},"loc":{"start":{"line":135,"column":43},"end":{"line":135,"column":76}},"line":135},"13":{"name":"(anonymous_13)","decl":{"start":{"line":149,"column":24},"end":{"line":149,"column":39}},"loc":{"start":{"line":149,"column":39},"end":{"line":149,"column":64}},"line":149},"14":{"name":"(anonymous_14)","decl":{"start":{"line":153,"column":24},"end":{"line":153,"column":39}},"loc":{"start":{"line":153,"column":39},"end":{"line":153,"column":67}},"line":153},"15":{"name":"(anonymous_15)","decl":{"start":{"line":157,"column":24},"end":{"line":157,"column":39}},"loc":{"start":{"line":157,"column":39},"end":{"line":157,"column":69}},"line":157},"16":{"name":"(anonymous_16)","decl":{"start":{"line":170,"column":28},"end":{"line":170,"column":33}},"loc":{"start":{"line":171,"column":20},"end":{"line":174,"column":null}},"line":171}},"branchMap":{"0":{"loc":{"start":{"line":38,"column":4},"end":{"line":40,"column":null}},"type":"if","locations":[{"start":{"line":38,"column":4},"end":{"line":40,"column":null}},{"start":{},"end":{}}],"line":38},"1":{"loc":{"start":{"line":61,"column":82},"end":{"line":61,"column":null}},"type":"cond-expr","locations":[{"start":{"line":61,"column":111},"end":{"line":61,"column":142}},{"start":{"line":61,"column":142},"end":{"line":61,"column":null}}],"line":61},"2":{"loc":{"start":{"line":65,"column":77},"end":{"line":65,"column":null}},"type":"cond-expr","locations":[{"start":{"line":65,"column":103},"end":{"line":65,"column":137}},{"start":{"line":65,"column":137},"end":{"line":65,"column":null}}],"line":65},"3":{"loc":{"start":{"line":125,"column":120},"end":{"line":125,"column":219}},"type":"cond-expr","locations":[{"start":{"line":125,"column":143},"end":{"line":125,"column":170}},{"start":{"line":125,"column":170},"end":{"line":125,"column":219}}],"line":125},"4":{"loc":{"start":{"line":126,"column":121},"end":{"line":126,"column":221}},"type":"cond-expr","locations":[{"start":{"line":126,"column":145},"end":{"line":126,"column":172}},{"start":{"line":126,"column":172},"end":{"line":126,"column":221}}],"line":126},"5":{"loc":{"start":{"line":127,"column":121},"end":{"line":127,"column":221}},"type":"cond-expr","locations":[{"start":{"line":127,"column":145},"end":{"line":127,"column":172}},{"start":{"line":127,"column":172},"end":{"line":127,"column":221}}],"line":127},"6":{"loc":{"start":{"line":130,"column":15},"end":{"line":138,"column":null}},"type":"binary-expr","locations":[{"start":{"line":130,"column":15},"end":{"line":130,"column":null}},{"start":{"line":131,"column":16},"end":{"line":138,"column":null}}],"line":130},"7":{"loc":{"start":{"line":164,"column":17},"end":{"line":169,"column":17}},"type":"binary-expr","locations":[{"start":{"line":164,"column":17},"end":{"line":164,"column":null}},{"start":{"line":165,"column":18},"end":{"line":169,"column":17}}],"line":164},"8":{"loc":{"start":{"line":182,"column":58},"end":{"line":182,"column":111}},"type":"cond-expr","locations":[{"start":{"line":182,"column":74},"end":{"line":182,"column":91}},{"start":{"line":182,"column":91},"end":{"line":182,"column":111}}],"line":182},"9":{"loc":{"start":{"line":187,"column":98},"end":{"line":187,"column":null}},"type":"cond-expr","locations":[{"start":{"line":187,"column":115},"end":{"line":187,"column":178}},{"start":{"line":187,"column":178},"end":{"line":187,"column":null}}],"line":187},"10":{"loc":{"start":{"line":189,"column":19},"end":{"line":189,"column":null}},"type":"cond-expr","locations":[{"start":{"line":189,"column":36},"end":{"line":189,"column":55}},{"start":{"line":189,"column":55},"end":{"line":189,"column":null}}],"line":189}},"s":{"0":1,"1":1,"2":1,"3":1,"4":1,"5":1,"6":5,"7":1,"8":1,"9":1,"10":0,"11":1,"12":1,"13":0,"14":0,"15":1,"16":0,"17":1,"18":2,"19":0,"20":5,"21":0,"22":0,"23":0,"24":0,"25":0,"26":0,"27":0,"28":0,"29":0},"f":{"0":1,"1":5,"2":0,"3":0,"4":0,"5":2,"6":0,"7":5,"8":0,"9":0,"10":0,"11":0,"12":0,"13":0,"14":0,"15":0,"16":0},"b":{"0":[0,0],"1":[1,1],"2":[1,1],"3":[1,0],"4":[0,1],"5":[0,1],"6":[1,0],"7":[1,0],"8":[1,0],"9":[0,1],"10":[0,1]},"meta":{"lastBranch":11,"lastFunction":17,"lastStatement":30,"seen":{"f:11:24:11:39":0,"s:13:17:16:Infinity":0,"s:18:24:18:Infinity":1,"s:19:20:19:Infinity":2,"s:20:22:20:Infinity":3,"s:22:9:28:Infinity":4,"s:30:19:30:Infinity":5,"f:30:25:30:33":1,"s:30:47:30:83":6,"s:31:16:31:Infinity":7,"s:33:19:33:Infinity":8,"s:34:20:34:Infinity":9,"f:34:29:34:37":2,"s:34:48:34:64":10,"s:35:20:35:Infinity":11,"s:37:8:41:Infinity":12,"f:37:8:37:28":3,"b:38:4:40:Infinity:undefined:undefined:undefined:undefined":0,"s:38:4:40:Infinity":13,"s:39:6:39:Infinity":14,"s:43:8:45:Infinity":15,"f:43:8:43:36":4,"s:44:4:44:Infinity":16,"s:47:2:197:Infinity":17,"f:57:18:57:22":5,"s:58:12:70:Infinity":18,"f:60:14:60:29":6,"s:60:29:60:Infinity":19,"b:61:111:61:142:61:142:61:Infinity":1,"b:65:103:65:137:65:137:65:Infinity":2,"f:94:21:94:25":7,"s:95:16:101:Infinity":20,"f:125:24:125:39":8,"s:125:39:125:61":21,"b:125:143:125:170:125:170:125:219":3,"f:126:24:126:39":9,"s:126:39:126:62":22,"b:126:145:126:172:126:172:126:221":4,"f:127:24:127:39":10,"s:127:39:127:62":23,"b:127:145:127:172:127:172:127:221":5,"b:130:15:130:Infinity:131:16:138:Infinity":6,"f:133:28:133:43":11,"s:133:43:133:89":24,"f:135:28:135:43":12,"s:135:43:135:76":25,"f:149:24:149:39":13,"s:149:39:149:64":26,"f:153:24:153:39":14,"s:153:39:153:67":27,"f:157:24:157:39":15,"s:157:39:157:69":28,"b:164:17:164:Infinity:165:18:169:17":7,"f:170:28:170:33":16,"s:171:20:174:Infinity":29,"b:182:74:182:91:182:91:182:111":8,"b:187:115:187:178:187:178:187:Infinity":9,"b:189:36:189:55:189:55:189:Infinity":10},"fnNames":{}}}
,"C:\\Users\\PC\\Documents\\bar-management-system\\frontend\\src\\pages\\Waiter\\WaiterDashboard.tsx": {"path":"C:\\Users\\PC\\Documents\\bar-management-system\\frontend\\src\\pages\\Waiter\\WaiterDashboard.tsx","statementMap":{"0":{"start":{"line":5,"column":8},"end":{"line":5,"column":null}},"1":{"start":{"line":8,"column":17},"end":{"line":21,"column":null}},"2":{"start":{"line":9,"column":18},"end":{"line":9,"column":null}},"3":{"start":{"line":10,"column":4},"end":{"line":10,"column":null}},"4":{"start":{"line":10,"column":15},"end":{"line":10,"column":null}},"5":{"start":{"line":11,"column":20},"end":{"line":18,"column":null}},"6":{"start":{"line":19,"column":4},"end":{"line":19,"column":null}},"7":{"start":{"line":20,"column":4},"end":{"line":20,"column":null}},"8":{"start":{"line":23,"column":2},"end":{"line":78,"column":null}},"9":{"start":{"line":31,"column":25},"end":{"line":31,"column":null}},"10":{"start":{"line":41,"column":12},"end":{"line":58,"column":null}},"11":{"start":{"line":43,"column":29},"end":{"line":43,"column":null}}},"fnMap":{"0":{"name":"WaiterDashboard","decl":{"start":{"line":4,"column":24},"end":{"line":4,"column":42}},"loc":{"start":{"line":4,"column":42},"end":{"line":80,"column":null}},"line":4},"1":{"name":"(anonymous_1)","decl":{"start":{"line":8,"column":30},"end":{"line":8,"column":45}},"loc":{"start":{"line":8,"column":45},"end":{"line":21,"column":3}},"line":8},"2":{"name":"(anonymous_2)","decl":{"start":{"line":31,"column":10},"end":{"line":31,"column":25}},"loc":{"start":{"line":31,"column":25},"end":{"line":31,"column":null}},"line":31},"3":{"name":"(anonymous_3)","decl":{"start":{"line":40,"column":18},"end":{"line":40,"column":22}},"loc":{"start":{"line":41,"column":12},"end":{"line":58,"column":null}},"line":41},"4":{"name":"(anonymous_4)","decl":{"start":{"line":43,"column":14},"end":{"line":43,"column":29}},"loc":{"start":{"line":43,"column":29},"end":{"line":43,"column":null}},"line":43}},"branchMap":{"0":{"loc":{"start":{"line":10,"column":4},"end":{"line":10,"column":null}},"type":"if","locations":[{"start":{"line":10,"column":4},"end":{"line":10,"column":null}},{"start":{},"end":{}}],"line":10},"1":{"loc":{"start":{"line":45,"column":18},"end":{"line":45,"column":null}},"type":"cond-expr","locations":[{"start":{"line":45,"column":45},"end":{"line":45,"column":75}},{"start":{"line":45,"column":75},"end":{"line":45,"column":null}}],"line":45},"2":{"loc":{"start":{"line":46,"column":18},"end":{"line":46,"column":null}},"type":"cond-expr","locations":[{"start":{"line":46,"column":47},"end":{"line":46,"column":78}},{"start":{"line":46,"column":78},"end":{"line":46,"column":null}}],"line":46},"3":{"loc":{"start":{"line":47,"column":18},"end":{"line":47,"column":null}},"type":"cond-expr","locations":[{"start":{"line":47,"column":61},"end":{"line":47,"column":96}},{"start":{"line":47,"column":96},"end":{"line":47,"column":null}}],"line":47},"4":{"loc":{"start":{"line":52,"column":18},"end":{"line":52,"column":null}},"type":"cond-expr","locations":[{"start":{"line":52,"column":45},"end":{"line":52,"column":77}},{"start":{"line":52,"column":77},"end":{"line":52,"column":null}}],"line":52},"5":{"loc":{"start":{"line":53,"column":18},"end":{"line":53,"column":null}},"type":"cond-expr","locations":[{"start":{"line":53,"column":47},"end":{"line":53,"column":77}},{"start":{"line":53,"column":77},"end":{"line":53,"column":null}}],"line":53},"6":{"loc":{"start":{"line":54,"column":18},"end":{"line":54,"column":null}},"type":"cond-expr","locations":[{"start":{"line":54,"column":61},"end":{"line":54,"column":95}},{"start":{"line":54,"column":95},"end":{"line":54,"column":null}}],"line":54}},"s":{"0":1,"1":1,"2":1,"3":1,"4":0,"5":1,"6":1,"7":1,"8":1,"9":0,"10":6,"11":1},"f":{"0":1,"1":1,"2":0,"3":6,"4":1},"b":{"0":[0,1],"1":[2,4],"2":[3,3],"3":[1,5],"4":[2,4],"5":[3,3],"6":[1,5]},"meta":{"lastBranch":7,"lastFunction":5,"lastStatement":12,"seen":{"f:4:24:4:42":0,"s:5:8:5:Infinity":0,"s:8:17:21:Infinity":1,"f:8:30:8:45":1,"s:9:18:9:Infinity":2,"b:10:4:10:Infinity:undefined:undefined:undefined:undefined":0,"s:10:4:10:Infinity":3,"s:10:15:10:Infinity":4,"s:11:20:18:Infinity":5,"s:19:4:19:Infinity":6,"s:20:4:20:Infinity":7,"s:23:2:78:Infinity":8,"f:31:10:31:25":2,"s:31:25:31:Infinity":9,"f:40:18:40:22":3,"s:41:12:58:Infinity":10,"f:43:14:43:29":4,"s:43:29:43:Infinity":11,"b:45:45:45:75:45:75:45:Infinity":1,"b:46:47:46:78:46:78:46:Infinity":2,"b:47:61:47:96:47:96:47:Infinity":3,"b:52:45:52:77:52:77:52:Infinity":4,"b:53:47:53:77:53:77:53:Infinity":5,"b:54:61:54:95:54:95:54:Infinity":6},"fnNames":{}}}
,"C:\\Users\\PC\\Documents\\bar-management-system\\frontend\\src\\pages\\Waiter\\WaiterLogin.tsx": {"path":"C:\\Users\\PC\\Documents\\bar-management-system\\frontend\\src\\pages\\Waiter\\WaiterLogin.tsx","statementMap":{"0":{"start":{"line":4,"column":8},"end":{"line":4,"column":null}},"1":{"start":{"line":7,"column":18},"end":{"line":12,"column":null}},"2":{"start":{"line":14,"column":8},"end":{"line":19,"column":null}},"3":{"start":{"line":17,"column":4},"end":{"line":17,"column":null}},"4":{"start":{"line":18,"column":4},"end":{"line":18,"column":null}},"5":{"start":{"line":21,"column":2},"end":{"line":39,"column":null}},"6":{"start":{"line":29,"column":12},"end":{"line":35,"column":null}},"7":{"start":{"line":31,"column":29},"end":{"line":31,"column":null}}},"fnMap":{"0":{"name":"WaiterLogin","decl":{"start":{"line":3,"column":24},"end":{"line":3,"column":38}},"loc":{"start":{"line":3,"column":38},"end":{"line":41,"column":null}},"line":3},"1":{"name":"(anonymous_1)","decl":{"start":{"line":14,"column":8},"end":{"line":14,"column":23}},"loc":{"start":{"line":14,"column":40},"end":{"line":19,"column":null}},"line":14},"2":{"name":"(anonymous_2)","decl":{"start":{"line":28,"column":19},"end":{"line":28,"column":24}},"loc":{"start":{"line":29,"column":12},"end":{"line":35,"column":null}},"line":29},"3":{"name":"(anonymous_3)","decl":{"start":{"line":31,"column":14},"end":{"line":31,"column":29}},"loc":{"start":{"line":31,"column":29},"end":{"line":31,"column":null}},"line":31}},"branchMap":{},"s":{"0":2,"1":2,"2":2,"3":1,"4":1,"5":2,"6":8,"7":1},"f":{"0":2,"1":1,"2":8,"3":1},"b":{},"meta":{"lastBranch":0,"lastFunction":4,"lastStatement":8,"seen":{"f:3:24:3:38":0,"s:4:8:4:Infinity":0,"s:7:18:12:Infinity":1,"s:14:8:19:Infinity":2,"f:14:8:14:23":1,"s:17:4:17:Infinity":3,"s:18:4:18:Infinity":4,"s:21:2:39:Infinity":5,"f:28:19:28:24":2,"s:29:12:35:Infinity":6,"f:31:14:31:29":3,"s:31:29:31:Infinity":7},"fnNames":{}}}
,"C:\\Users\\PC\\Documents\\bar-management-system\\frontend\\src\\pages\\Waiter\\WaiterMenu.tsx": {"path":"C:\\Users\\PC\\Documents\\bar-management-system\\frontend\\src\\pages\\Waiter\\WaiterMenu.tsx","statementMap":{"0":{"start":{"line":20,"column":8},"end":{"line":20,"column":null}},"1":{"start":{"line":21,"column":10},"end":{"line":21,"column":null}},"2":{"start":{"line":23,"column":25},"end":{"line":23,"column":null}},"3":{"start":{"line":24,"column":15},"end":{"line":24,"column":null}},"4":{"start":{"line":27,"column":9},"end":{"line":31,"column":null}},"5":{"start":{"line":34,"column":26},"end":{"line":34,"column":null}},"6":{"start":{"line":35,"column":18},"end":{"line":35,"column":null}},"7":{"start":{"line":36,"column":21},"end":{"line":36,"column":null}},"8":{"start":{"line":37,"column":25},"end":{"line":37,"column":null}},"9":{"start":{"line":38,"column":19},"end":{"line":38,"column":null}},"10":{"start":{"line":41,"column":21},"end":{"line":45,"column":null}},"11":{"start":{"line":47,"column":30},"end":{"line":53,"column":null}},"12":{"start":{"line":55,"column":27},"end":{"line":57,"column":null}},"13":{"start":{"line":56,"column":27},"end":{"line":56,"column":59}},"14":{"start":{"line":59,"column":8},"end":{"line":64,"column":null}},"15":{"start":{"line":60,"column":4},"end":{"line":60,"column":null}},"16":{"start":{"line":60,"column":26},"end":{"line":60,"column":null}},"17":{"start":{"line":61,"column":4},"end":{"line":61,"column":null}},"18":{"start":{"line":62,"column":4},"end":{"line":62,"column":null}},"19":{"start":{"line":63,"column":4},"end":{"line":63,"column":null}},"20":{"start":{"line":66,"column":8},"end":{"line":79,"column":null}},"21":{"start":{"line":67,"column":4},"end":{"line":67,"column":null}},"22":{"start":{"line":67,"column":27},"end":{"line":67,"column":null}},"23":{"start":{"line":68,"column":20},"end":{"line":68,"column":null}},"24":{"start":{"line":69,"column":4},"end":{"line":74,"column":null}},"25":{"start":{"line":70,"column":6},"end":{"line":73,"column":null}},"26":{"start":{"line":75,"column":4},"end":{"line":75,"column":null}},"27":{"start":{"line":76,"column":4},"end":{"line":76,"column":null}},"28":{"start":{"line":77,"column":4},"end":{"line":77,"column":null}},"29":{"start":{"line":78,"column":4},"end":{"line":78,"column":null}},"30":{"start":{"line":81,"column":20},"end":{"line":81,"column":null}},"31":{"start":{"line":81,"column":47},"end":{"line":81,"column":73}},"32":{"start":{"line":84,"column":24},"end":{"line":84,"column":null}},"33":{"start":{"line":84,"column":60},"end":{"line":84,"column":96}},"34":{"start":{"line":85,"column":20},"end":{"line":85,"column":null}},"35":{"start":{"line":85,"column":48},"end":{"line":85,"column":64}},"36":{"start":{"line":86,"column":25},"end":{"line":86,"column":null}},"37":{"start":{"line":88,"column":8},"end":{"line":92,"column":null}},"38":{"start":{"line":89,"column":4},"end":{"line":91,"column":null}},"39":{"start":{"line":90,"column":6},"end":{"line":90,"column":null}},"40":{"start":{"line":94,"column":8},"end":{"line":97,"column":null}},"41":{"start":{"line":96,"column":4},"end":{"line":96,"column":null}},"42":{"start":{"line":99,"column":8},"end":{"line":112,"column":null}},"43":{"start":{"line":101,"column":18},"end":{"line":101,"column":null}},"44":{"start":{"line":102,"column":4},"end":{"line":108,"column":null}},"45":{"start":{"line":103,"column":21},"end":{"line":103,"column":null}},"46":{"start":{"line":104,"column":28},"end":{"line":106,"column":null}},"47":{"start":{"line":105,"column":8},"end":{"line":105,"column":null}},"48":{"start":{"line":107,"column":6},"end":{"line":107,"column":null}},"49":{"start":{"line":110,"column":4},"end":{"line":110,"column":null}},"50":{"start":{"line":111,"column":4},"end":{"line":111,"column":null}},"51":{"start":{"line":114,"column":2},"end":{"line":351,"column":null}},"52":{"start":{"line":120,"column":27},"end":{"line":120,"column":null}},"53":{"start":{"line":128,"column":29},"end":{"line":128,"column":null}},"54":{"start":{"line":134,"column":29},"end":{"line":134,"column":null}},"55":{"start":{"line":146,"column":25},"end":{"line":146,"column":null}},"56":{"start":{"line":152,"column":10},"end":{"line":158,"column":null}},"57":{"start":{"line":154,"column":27},"end":{"line":154,"column":null}},"58":{"start":{"line":166,"column":12},"end":{"line":177,"column":null}},"59":{"start":{"line":172,"column":31},"end":{"line":172,"column":null}},"60":{"start":{"line":188,"column":37},"end":{"line":188,"column":63}},"61":{"start":{"line":194,"column":31},"end":{"line":194,"column":null}},"62":{"start":{"line":200,"column":37},"end":{"line":200,"column":77}},"63":{"start":{"line":200,"column":56},"end":{"line":200,"column":74}},"64":{"start":{"line":201,"column":37},"end":{"line":201,"column":81}},"65":{"start":{"line":201,"column":56},"end":{"line":201,"column":78}},"66":{"start":{"line":223,"column":37},"end":{"line":223,"column":59}},"67":{"start":{"line":227,"column":16},"end":{"line":236,"column":null}},"68":{"start":{"line":234,"column":43},"end":{"line":234,"column":96}},"69":{"start":{"line":234,"column":68},"end":{"line":234,"column":92}},"70":{"start":{"line":262,"column":37},"end":{"line":262,"column":63}},"71":{"start":{"line":270,"column":18},"end":{"line":273,"column":null}},"72":{"start":{"line":291,"column":41},"end":{"line":291,"column":66}},"73":{"start":{"line":295,"column":41},"end":{"line":295,"column":69}},"74":{"start":{"line":299,"column":41},"end":{"line":299,"column":71}},"75":{"start":{"line":309,"column":45},"end":{"line":309,"column":62}},"76":{"start":{"line":312,"column":22},"end":{"line":323,"column":null}},"77":{"start":{"line":317,"column":43},"end":{"line":317,"column":null}},"78":{"start":{"line":317,"column":85},"end":{"line":317,"column":96}}},"fnMap":{"0":{"name":"WaiterMenu","decl":{"start":{"line":19,"column":24},"end":{"line":19,"column":37}},"loc":{"start":{"line":19,"column":37},"end":{"line":353,"column":null}},"line":19},"1":{"name":"(anonymous_1)","decl":{"start":{"line":56,"column":15},"end":{"line":56,"column":22}},"loc":{"start":{"line":56,"column":27},"end":{"line":56,"column":59}},"line":56},"2":{"name":"(anonymous_2)","decl":{"start":{"line":59,"column":8},"end":{"line":59,"column":32}},"loc":{"start":{"line":59,"column":32},"end":{"line":64,"column":null}},"line":59},"3":{"name":"(anonymous_3)","decl":{"start":{"line":66,"column":8},"end":{"line":66,"column":32}},"loc":{"start":{"line":66,"column":32},"end":{"line":79,"column":null}},"line":66},"4":{"name":"(anonymous_4)","decl":{"start":{"line":69,"column":9},"end":{"line":69,"column":17}},"loc":{"start":{"line":69,"column":25},"end":{"line":74,"column":5}},"line":69},"5":{"name":"(anonymous_5)","decl":{"start":{"line":81,"column":25},"end":{"line":81,"column":33}},"loc":{"start":{"line":81,"column":47},"end":{"line":81,"column":73}},"line":81},"6":{"name":"(anonymous_6)","decl":{"start":{"line":84,"column":38},"end":{"line":84,"column":46}},"loc":{"start":{"line":84,"column":60},"end":{"line":84,"column":96}},"line":84},"7":{"name":"(anonymous_7)","decl":{"start":{"line":85,"column":29},"end":{"line":85,"column":37}},"loc":{"start":{"line":85,"column":48},"end":{"line":85,"column":64}},"line":85},"8":{"name":"(anonymous_8)","decl":{"start":{"line":88,"column":8},"end":{"line":88,"column":28}},"loc":{"start":{"line":88,"column":47},"end":{"line":92,"column":null}},"line":88},"9":{"name":"(anonymous_9)","decl":{"start":{"line":94,"column":8},"end":{"line":94,"column":28}},"loc":{"start":{"line":94,"column":28},"end":{"line":97,"column":null}},"line":94},"10":{"name":"(anonymous_10)","decl":{"start":{"line":99,"column":8},"end":{"line":99,"column":34}},"loc":{"start":{"line":99,"column":34},"end":{"line":112,"column":null}},"line":99},"11":{"name":"(anonymous_11)","decl":{"start":{"line":104,"column":35},"end":{"line":104,"column":40}},"loc":{"start":{"line":105,"column":8},"end":{"line":105,"column":null}},"line":105},"12":{"name":"(anonymous_12)","decl":{"start":{"line":120,"column":12},"end":{"line":120,"column":27}},"loc":{"start":{"line":120,"column":27},"end":{"line":120,"column":null}},"line":120},"13":{"name":"(anonymous_13)","decl":{"start":{"line":128,"column":14},"end":{"line":128,"column":29}},"loc":{"start":{"line":128,"column":29},"end":{"line":128,"column":null}},"line":128},"14":{"name":"(anonymous_14)","decl":{"start":{"line":134,"column":14},"end":{"line":134,"column":29}},"loc":{"start":{"line":134,"column":29},"end":{"line":134,"column":null}},"line":134},"15":{"name":"(anonymous_15)","decl":{"start":{"line":146,"column":10},"end":{"line":146,"column":25}},"loc":{"start":{"line":146,"column":25},"end":{"line":146,"column":null}},"line":146},"16":{"name":"(anonymous_16)","decl":{"start":{"line":151,"column":20},"end":{"line":151,"column":24}},"loc":{"start":{"line":152,"column":10},"end":{"line":158,"column":null}},"line":152},"17":{"name":"(anonymous_17)","decl":{"start":{"line":154,"column":12},"end":{"line":154,"column":27}},"loc":{"start":{"line":154,"column":27},"end":{"line":154,"column":null}},"line":154},"18":{"name":"(anonymous_18)","decl":{"start":{"line":165,"column":28},"end":{"line":165,"column":32}},"loc":{"start":{"line":166,"column":12},"end":{"line":177,"column":null}},"line":166},"19":{"name":"(anonymous_19)","decl":{"start":{"line":172,"column":16},"end":{"line":172,"column":31}},"loc":{"start":{"line":172,"column":31},"end":{"line":172,"column":null}},"line":172},"20":{"name":"(anonymous_20)","decl":{"start":{"line":188,"column":22},"end":{"line":188,"column":37}},"loc":{"start":{"line":188,"column":37},"end":{"line":188,"column":63}},"line":188},"21":{"name":"(anonymous_21)","decl":{"start":{"line":194,"column":14},"end":{"line":194,"column":25}},"loc":{"start":{"line":194,"column":31},"end":{"line":194,"column":null}},"line":194},"22":{"name":"(anonymous_22)","decl":{"start":{"line":200,"column":22},"end":{"line":200,"column":37}},"loc":{"start":{"line":200,"column":37},"end":{"line":200,"column":77}},"line":200},"23":{"name":"(anonymous_23)","decl":{"start":{"line":200,"column":37},"end":{"line":200,"column":48}},"loc":{"start":{"line":200,"column":56},"end":{"line":200,"column":74}},"line":200},"24":{"name":"(anonymous_24)","decl":{"start":{"line":201,"column":22},"end":{"line":201,"column":37}},"loc":{"start":{"line":201,"column":37},"end":{"line":201,"column":81}},"line":201},"25":{"name":"(anonymous_25)","decl":{"start":{"line":201,"column":37},"end":{"line":201,"column":48}},"loc":{"start":{"line":201,"column":56},"end":{"line":201,"column":78}},"line":201},"26":{"name":"(anonymous_26)","decl":{"start":{"line":223,"column":22},"end":{"line":223,"column":37}},"loc":{"start":{"line":223,"column":37},"end":{"line":223,"column":59}},"line":223},"27":{"name":"(anonymous_27)","decl":{"start":{"line":226,"column":20},"end":{"line":226,"column":24}},"loc":{"start":{"line":227,"column":16},"end":{"line":236,"column":null}},"line":227},"28":{"name":"(anonymous_28)","decl":{"start":{"line":234,"column":28},"end":{"line":234,"column":43}},"loc":{"start":{"line":234,"column":43},"end":{"line":234,"column":96}},"line":234},"29":{"name":"(anonymous_29)","decl":{"start":{"line":234,"column":56},"end":{"line":234,"column":63}},"loc":{"start":{"line":234,"column":68},"end":{"line":234,"column":92}},"line":234},"30":{"name":"(anonymous_30)","decl":{"start":{"line":262,"column":22},"end":{"line":262,"column":37}},"loc":{"start":{"line":262,"column":37},"end":{"line":262,"column":63}},"line":262},"31":{"name":"(anonymous_31)","decl":{"start":{"line":269,"column":31},"end":{"line":269,"column":35}},"loc":{"start":{"line":270,"column":18},"end":{"line":273,"column":null}},"line":270},"32":{"name":"(anonymous_32)","decl":{"start":{"line":291,"column":26},"end":{"line":291,"column":41}},"loc":{"start":{"line":291,"column":41},"end":{"line":291,"column":66}},"line":291},"33":{"name":"(anonymous_33)","decl":{"start":{"line":295,"column":26},"end":{"line":295,"column":41}},"loc":{"start":{"line":295,"column":41},"end":{"line":295,"column":69}},"line":295},"34":{"name":"(anonymous_34)","decl":{"start":{"line":299,"column":26},"end":{"line":299,"column":41}},"loc":{"start":{"line":299,"column":41},"end":{"line":299,"column":71}},"line":299},"35":{"name":"(anonymous_35)","decl":{"start":{"line":309,"column":30},"end":{"line":309,"column":45}},"loc":{"start":{"line":309,"column":45},"end":{"line":309,"column":62}},"line":309},"36":{"name":"(anonymous_36)","decl":{"start":{"line":311,"column":30},"end":{"line":311,"column":35}},"loc":{"start":{"line":312,"column":22},"end":{"line":323,"column":null}},"line":312},"37":{"name":"(anonymous_37)","decl":{"start":{"line":317,"column":28},"end":{"line":317,"column":43}},"loc":{"start":{"line":317,"column":43},"end":{"line":317,"column":null}},"line":317},"38":{"name":"(anonymous_38)","decl":{"start":{"line":317,"column":64},"end":{"line":317,"column":72}},"loc":{"start":{"line":317,"column":85},"end":{"line":317,"column":96}},"line":317}},"branchMap":{"0":{"loc":{"start":{"line":55,"column":27},"end":{"line":57,"column":null}},"type":"cond-expr","locations":[{"start":{"line":56,"column":6},"end":{"line":56,"column":null}},{"start":{"line":57,"column":6},"end":{"line":57,"column":null}}],"line":55},"1":{"loc":{"start":{"line":60,"column":4},"end":{"line":60,"column":null}},"type":"if","locations":[{"start":{"line":60,"column":4},"end":{"line":60,"column":null}},{"start":{},"end":{}}],"line":60},"2":{"loc":{"start":{"line":67,"column":4},"end":{"line":67,"column":null}},"type":"if","locations":[{"start":{"line":67,"column":4},"end":{"line":67,"column":null}},{"start":{},"end":{}}],"line":67},"3":{"loc":{"start":{"line":72,"column":22},"end":{"line":72,"column":49}},"type":"binary-expr","locations":[{"start":{"line":72,"column":22},"end":{"line":72,"column":43}},{"start":{"line":72,"column":43},"end":{"line":72,"column":49}}],"line":72},"4":{"loc":{"start":{"line":89,"column":4},"end":{"line":91,"column":null}},"type":"if","locations":[{"start":{"line":89,"column":4},"end":{"line":91,"column":null}},{"start":{},"end":{}}],"line":89},"5":{"loc":{"start":{"line":102,"column":4},"end":{"line":108,"column":null}},"type":"if","locations":[{"start":{"line":102,"column":4},"end":{"line":108,"column":null}},{"start":{},"end":{}}],"line":102},"6":{"loc":{"start":{"line":105,"column":8},"end":{"line":105,"column":null}},"type":"cond-expr","locations":[{"start":{"line":105,"column":39},"end":{"line":105,"column":67}},{"start":{"line":105,"column":67},"end":{"line":105,"column":null}}],"line":105},"7":{"loc":{"start":{"line":147,"column":93},"end":{"line":147,"column":null}},"type":"cond-expr","locations":[{"start":{"line":147,"column":119},"end":{"line":147,"column":146}},{"start":{"line":147,"column":146},"end":{"line":147,"column":null}}],"line":147},"8":{"loc":{"start":{"line":155,"column":95},"end":{"line":155,"column":null}},"type":"cond-expr","locations":[{"start":{"line":155,"column":123},"end":{"line":155,"column":150}},{"start":{"line":155,"column":150},"end":{"line":155,"column":null}}],"line":155},"9":{"loc":{"start":{"line":183,"column":7},"end":{"line":211,"column":null}},"type":"binary-expr","locations":[{"start":{"line":183,"column":7},"end":{"line":183,"column":null}},{"start":{"line":184,"column":8},"end":{"line":211,"column":null}}],"line":183},"10":{"loc":{"start":{"line":215,"column":7},"end":{"line":249,"column":null}},"type":"binary-expr","locations":[{"start":{"line":215,"column":7},"end":{"line":215,"column":null}},{"start":{"line":216,"column":8},"end":{"line":249,"column":null}}],"line":215},"11":{"loc":{"start":{"line":230,"column":21},"end":{"line":231,"column":null}},"type":"binary-expr","locations":[{"start":{"line":230,"column":21},"end":{"line":230,"column":42}},{"start":{"line":230,"column":42},"end":{"line":231,"column":null}}],"line":230},"12":{"loc":{"start":{"line":253,"column":7},"end":{"line":349,"column":null}},"type":"binary-expr","locations":[{"start":{"line":253,"column":7},"end":{"line":253,"column":null}},{"start":{"line":254,"column":8},"end":{"line":349,"column":null}}],"line":253},"13":{"loc":{"start":{"line":305,"column":17},"end":{"line":325,"column":null}},"type":"binary-expr","locations":[{"start":{"line":305,"column":17},"end":{"line":305,"column":null}},{"start":{"line":306,"column":18},"end":{"line":325,"column":null}}],"line":305},"14":{"loc":{"start":{"line":334,"column":56},"end":{"line":334,"column":117}},"type":"cond-expr","locations":[{"start":{"line":334,"column":77},"end":{"line":334,"column":97}},{"start":{"line":334,"column":97},"end":{"line":334,"column":117}}],"line":334},"15":{"loc":{"start":{"line":342,"column":87},"end":{"line":342,"column":null}},"type":"cond-expr","locations":[{"start":{"line":342,"column":109},"end":{"line":342,"column":183}},{"start":{"line":342,"column":183},"end":{"line":342,"column":null}}],"line":342},"16":{"loc":{"start":{"line":344,"column":17},"end":{"line":344,"column":null}},"type":"cond-expr","locations":[{"start":{"line":344,"column":39},"end":{"line":344,"column":58}},{"start":{"line":344,"column":58},"end":{"line":344,"column":null}}],"line":344}},"s":{"0":0,"1":0,"2":0,"3":0,"4":0,"5":0,"6":0,"7":0,"8":0,"9":0,"10":0,"11":0,"12":0,"13":0,"14":0,"15":0,"16":0,"17":0,"18":0,"19":0,"20":0,"21":0,"22":0,"23":0,"24":0,"25":0,"26":0,"27":0,"28":0,"29":0,"30":0,"31":0,"32":0,"33":0,"34":0,"35":0,"36":0,"37":0,"38":0,"39":0,"40":0,"41":0,"42":0,"43":0,"44":0,"45":0,"46":0,"47":0,"48":0,"49":0,"50":0,"51":0,"52":0,"53":0,"54":0,"55":0,"56":0,"57":0,"58":0,"59":0,"60":0,"61":0,"62":0,"63":0,"64":0,"65":0,"66":0,"67":0,"68":0,"69":0,"70":0,"71":0,"72":0,"73":0,"74":0,"75":0,"76":0,"77":0,"78":0},"f":{"0":0,"1":0,"2":0,"3":0,"4":0,"5":0,"6":0,"7":0,"8":0,"9":0,"10":0,"11":0,"12":0,"13":0,"14":0,"15":0,"16":0,"17":0,"18":0,"19":0,"20":0,"21":0,"22":0,"23":0,"24":0,"25":0,"26":0,"27":0,"28":0,"29":0,"30":0,"31":0,"32":0,"33":0,"34":0,"35":0,"36":0,"37":0,"38":0},"b":{"0":[0,0],"1":[0,0],"2":[0,0],"3":[0,0],"4":[0,0],"5":[0,0],"6":[0,0],"7":[0,0],"8":[0,0],"9":[0,0],"10":[0,0],"11":[0,0],"12":[0,0],"13":[0,0],"14":[0,0],"15":[0,0],"16":[0,0]},"meta":{"lastBranch":17,"lastFunction":39,"lastStatement":79,"seen":{"f:19:24:19:37":0,"s:20:8:20:Infinity":0,"s:21:10:21:Infinity":1,"s:23:25:23:Infinity":2,"s:24:15:24:Infinity":3,"s:27:9:31:Infinity":4,"s:34:26:34:Infinity":5,"s:35:18:35:Infinity":6,"s:36:21:36:Infinity":7,"s:37:25:37:Infinity":8,"s:38:19:38:Infinity":9,"s:41:21:45:Infinity":10,"s:47:30:53:Infinity":11,"s:55:27:57:Infinity":12,"b:56:6:56:Infinity:57:6:57:Infinity":0,"f:56:15:56:22":1,"s:56:27:56:59":13,"s:59:8:64:Infinity":14,"f:59:8:59:32":2,"b:60:4:60:Infinity:undefined:undefined:undefined:undefined":1,"s:60:4:60:Infinity":15,"s:60:26:60:Infinity":16,"s:61:4:61:Infinity":17,"s:62:4:62:Infinity":18,"s:63:4:63:Infinity":19,"s:66:8:79:Infinity":20,"f:66:8:66:32":3,"b:67:4:67:Infinity:undefined:undefined:undefined:undefined":2,"s:67:4:67:Infinity":21,"s:67:27:67:Infinity":22,"s:68:20:68:Infinity":23,"s:69:4:74:Infinity":24,"f:69:9:69:17":4,"s:70:6:73:Infinity":25,"b:72:22:72:43:72:43:72:49":3,"s:75:4:75:Infinity":26,"s:76:4:76:Infinity":27,"s:77:4:77:Infinity":28,"s:78:4:78:Infinity":29,"s:81:20:81:Infinity":30,"f:81:25:81:33":5,"s:81:47:81:73":31,"s:84:24:84:Infinity":32,"f:84:38:84:46":6,"s:84:60:84:96":33,"s:85:20:85:Infinity":34,"f:85:29:85:37":7,"s:85:48:85:64":35,"s:86:25:86:Infinity":36,"s:88:8:92:Infinity":37,"f:88:8:88:28":8,"b:89:4:91:Infinity:undefined:undefined:undefined:undefined":4,"s:89:4:91:Infinity":38,"s:90:6:90:Infinity":39,"s:94:8:97:Infinity":40,"f:94:8:94:28":9,"s:96:4:96:Infinity":41,"s:99:8:112:Infinity":42,"f:99:8:99:34":10,"s:101:18:101:Infinity":43,"b:102:4:108:Infinity:undefined:undefined:undefined:undefined":5,"s:102:4:108:Infinity":44,"s:103:21:103:Infinity":45,"s:104:28:106:Infinity":46,"f:104:35:104:40":11,"s:105:8:105:Infinity":47,"b:105:39:105:67:105:67:105:Infinity":6,"s:107:6:107:Infinity":48,"s:110:4:110:Infinity":49,"s:111:4:111:Infinity":50,"s:114:2:351:Infinity":51,"f:120:12:120:27":12,"s:120:27:120:Infinity":52,"f:128:14:128:29":13,"s:128:29:128:Infinity":53,"f:134:14:134:29":14,"s:134:29:134:Infinity":54,"f:146:10:146:25":15,"s:146:25:146:Infinity":55,"b:147:119:147:146:147:146:147:Infinity":7,"f:151:20:151:24":16,"s:152:10:158:Infinity":56,"f:154:12:154:27":17,"s:154:27:154:Infinity":57,"b:155:123:155:150:155:150:155:Infinity":8,"f:165:28:165:32":18,"s:166:12:177:Infinity":58,"f:172:16:172:31":19,"s:172:31:172:Infinity":59,"b:183:7:183:Infinity:184:8:211:Infinity":9,"f:188:22:188:37":20,"s:188:37:188:63":60,"f:194:14:194:25":21,"s:194:31:194:Infinity":61,"f:200:22:200:37":22,"s:200:37:200:77":62,"f:200:37:200:48":23,"s:200:56:200:74":63,"f:201:22:201:37":24,"s:201:37:201:81":64,"f:201:37:201:48":25,"s:201:56:201:78":65,"b:215:7:215:Infinity:216:8:249:Infinity":10,"f:223:22:223:37":26,"s:223:37:223:59":66,"f:226:20:226:24":27,"s:227:16:236:Infinity":67,"b:230:21:230:42:230:42:231:Infinity":11,"f:234:28:234:43":28,"s:234:43:234:96":68,"f:234:56:234:63":29,"s:234:68:234:92":69,"b:253:7:253:Infinity:254:8:349:Infinity":12,"f:262:22:262:37":30,"s:262:37:262:63":70,"f:269:31:269:35":31,"s:270:18:273:Infinity":71,"f:291:26:291:41":32,"s:291:41:291:66":72,"f:295:26:295:41":33,"s:295:41:295:69":73,"f:299:26:299:41":34,"s:299:41:299:71":74,"b:305:17:305:Infinity:306:18:325:Infinity":13,"f:309:30:309:45":35,"s:309:45:309:62":75,"f:311:30:311:35":36,"s:312:22:323:Infinity":76,"f:317:28:317:43":37,"s:317:43:317:Infinity":77,"f:317:64:317:72":38,"s:317:85:317:96":78,"b:334:77:334:97:334:97:334:117":14,"b:342:109:342:183:342:183:342:Infinity":15,"b:344:39:344:58:344:58:344:Infinity":16},"fnNames":{}}}
}
